RUN	computerdatabase.DeChates3BSimulation		dechates3bsimulation	1556387544566	 	2.0
USER	DeChates3BSimulation	1	START	1556387545028	1556387545028
USER	DeChates3BSimulation	2	START	1556387545049	1556387545049
USER	DeChates3BSimulation	3	START	1556387545050	1556387545050
REQUEST	DeChates3BSimulation	2		request_0	1556387545049	1556387545056	OK	 
REQUEST	DeChates3BSimulation	3		request_0	1556387545050	1556387545056	OK	 
REQUEST	DeChates3BSimulation	1		request_0	1556387545045	1556387545056	OK	 
REQUEST	DeChates3BSimulation	3		logo.png	1556387545126	1556387545139	OK	 
REQUEST	DeChates3BSimulation	3		logoxl.png	1556387545125	1556387545139	OK	 
REQUEST	DeChates3BSimulation	2		logoxl.png	1556387545125	1556387545139	OK	 
REQUEST	DeChates3BSimulation	1		logoxl.png	1556387545125	1556387545140	OK	 
REQUEST	DeChates3BSimulation	1		logo.png	1556387545126	1556387545153	OK	 
REQUEST	DeChates3BSimulation	2		logo.png	1556387545126	1556387545153	OK	 
REQUEST	DeChates3BSimulation	3		request_2	1556387545127	1556387545153	OK	 
REQUEST	DeChates3BSimulation	2		request_1	1556387545127	1556387545153	OK	 
REQUEST	DeChates3BSimulation	3		request_1	1556387545126	1556387545153	OK	 
REQUEST	DeChates3BSimulation	1		request_1	1556387545127	1556387545153	OK	 
REQUEST	DeChates3BSimulation	1		request_2	1556387545128	1556387545155	OK	 
REQUEST	DeChates3BSimulation	2		request_2	1556387545128	1556387545155	OK	 
REQUEST	DeChates3BSimulation	1		request_3	1556387545131	1556387545159	OK	 
REQUEST	DeChates3BSimulation	3		request_3	1556387545129	1556387545159	OK	 
REQUEST	DeChates3BSimulation	2		request_3	1556387545130	1556387545159	OK	 
REQUEST	DeChates3BSimulation	1		css?family=Merriweather:400,300,300italic,400italic,700,700italic	1556387545142	1556387545315	OK	 
REQUEST	DeChates3BSimulation	3		css?family=Merriweather:400,300,300italic,400italic,700,700italic	1556387545142	1556387545315	OK	 
REQUEST	DeChates3BSimulation	2		css?family=Merriweather+Sans:400,700	1556387545131	1556387545315	OK	 
REQUEST	DeChates3BSimulation	1		css?family=Merriweather+Sans:400,700	1556387545139	1556387545321	OK	 
REQUEST	DeChates3BSimulation	3		css?family=Merriweather+Sans:400,700	1556387545132	1556387545322	OK	 
REQUEST	DeChates3BSimulation	2		css?family=Merriweather:400,300,300italic,400italic,700,700italic	1556387545143	1556387545323	OK	 
REQUEST	DeChates3BSimulation	3		request_4	1556387546337	1556387546366	OK	 
REQUEST	DeChates3BSimulation	1		request_4	1556387546348	1556387546369	OK	 
REQUEST	DeChates3BSimulation	2		request_4	1556387546348	1556387546375	OK	 
REQUEST	DeChates3BSimulation	3		request_5	1556387566372	1556387566384	OK	 
REQUEST	DeChates3BSimulation	1		request_5	1556387566372	1556387566384	OK	 
REQUEST	DeChates3BSimulation	2		request_5	1556387566373	1556387566391	OK	 
REQUEST	DeChates3BSimulation	1		request_6	1556387574379	1556387574389	OK	 
REQUEST	DeChates3BSimulation	3		request_6	1556387574389	1556387574400	OK	 
REQUEST	DeChates3BSimulation	2		request_6	1556387574399	1556387574408	OK	 
REQUEST	DeChates3BSimulation	1		request_7	1556387579385	1556387579395	OK	 
REQUEST	DeChates3BSimulation	2		request_7	1556387579395	1556387579406	OK	 
REQUEST	DeChates3BSimulation	3		request_7	1556387579395	1556387579407	OK	 
REQUEST	DeChates3BSimulation	1		request_8	1556387586398	1556387586537	OK	 
REQUEST	DeChates3BSimulation	3		request_8	1556387586419	1556387586544	OK	 
REQUEST	DeChates3BSimulation	2		request_8	1556387586419	1556387586553	OK	 
REQUEST	DeChates3BSimulation	1		request_9	1556387587537	1556387587545	OK	 
REQUEST	DeChates3BSimulation	3		request_9	1556387587537	1556387587546	OK	 
REQUEST	DeChates3BSimulation	2		request_9	1556387587547	1556387587555	OK	 
REQUEST	DeChates3BSimulation	3		request_10	1556387589535	1556387589542	OK	 
REQUEST	DeChates3BSimulation	1		request_10	1556387589545	1556387589555	OK	 
REQUEST	DeChates3BSimulation	2		request_10	1556387589555	1556387589562	OK	 
REQUEST	DeChates3BSimulation	3		request_12	1556387601537	1556387601545	OK	 
REQUEST	DeChates3BSimulation	1		request_12	1556387601568	1556387601575	OK	 
REQUEST	DeChates3BSimulation	2		request_12	1556387601568	1556387601577	OK	 
REQUEST	DeChates3BSimulation	1		request_14	1556387606555	1556387606562	OK	 
REQUEST	DeChates3BSimulation	3		request_14	1556387606555	1556387606563	OK	 
REQUEST	DeChates3BSimulation	2		request_14	1556387606565	1556387606572	OK	 
REQUEST	DeChates3BSimulation	3		request_15	1556387607555	1556387607562	OK	 
REQUEST	DeChates3BSimulation	1		request_15	1556387607555	1556387607563	OK	 
REQUEST	DeChates3BSimulation	2		request_15	1556387607576	1556387607585	OK	 
REQUEST	DeChates3BSimulation	3		request_22	1556387610575	1556387610583	OK	 
REQUEST	DeChates3BSimulation	1		request_22	1556387610575	1556387610583	OK	 
USER	DeChates3BSimulation	1	END	1556387545028	1556387610587
USER	DeChates3BSimulation	3	END	1556387545050	1556387610587
REQUEST	DeChates3BSimulation	2		request_22	1556387610595	1556387610603	OK	 
USER	DeChates3BSimulation	2	END	1556387545049	1556387610604
